<?xml version="1.0" encoding="UTF-8"?>
<!-- Generated by org.testng.reporters.JUnitReportReporter -->
<testsuite hostname="DESKTOP-BVUI3A2" failures="0" tests="1" name="ShoppingCart.StandAloneTest" time="36.763" errors="0" timestamp="2023-09-13T23:47:08 IST" skipped="0">
  <testcase classname="ShoppingCart.StandAloneTest" name="cart" time="36.763"/>
</testsuite> <!-- ShoppingCart.StandAloneTest -->
