<?xml version="1.0" encoding="UTF-8"?>
<!-- Generated by org.testng.reporters.JUnitReportReporter -->
<testsuite hostname="DESKTOP-BVUI3A2" failures="0" tests="1" name="ShoppingCart.ErrorValidation" time="12.097" errors="0" timestamp="2023-09-14T23:15:35 IST" skipped="0">
  <testcase classname="ShoppingCart.ErrorValidation" name="LoginErrorValidation" time="12.097"/>
</testsuite> <!-- ShoppingCart.ErrorValidation -->
