<?xml version="1.0" encoding="UTF-8"?>
<!-- Generated by org.testng.reporters.JUnitReportReporter -->
<testsuite hostname="DESKTOP-BVUI3A2" failures="0" tests="2" name="ShoppingCart.ErrorValidationTest" time="14.618" errors="0" timestamp="2023-09-16T20:51:17 IST" skipped="0">
  <testcase classname="ShoppingCart.ErrorValidationTest" name="LoginErrorValidation" time="8.734"/>
  <testcase classname="ShoppingCart.ErrorValidationTest" name="productErrorValidate" time="5.884"/>
</testsuite> <!-- ShoppingCart.ErrorValidationTest -->
